
Cell 2:

Cell 4:
Current branch     : dev
Current environment: dev

Cell 5:

Cell 6:

Cell 7:
Index(['ID', 'LONGDISTANCE', 'INTERNATIONAL', 'LOCAL', 'DROPPED', 'PAYMETHOD',
       'LOCALBILLTYPE', 'LONGDISTANCEBILLTYPE', 'USAGE', 'RATEPLAN', 'GENDER',
       'STATUS', 'CHILDREN', 'ESTINCOME', 'CAROWNER', 'AGE', 'CREDITCARD',
       'DOB', 'ADDRESS_1', 'CITY', 'STATE', 'ZIP', 'ZIP4', 'LONGITUDE',
       'LATITUDE', 'CHURN'],
      dtype='object')

Cell 8:

Cell 10:

Cell 11:

Cell 12:

Cell 13:

Cell 14:

Cell 15:

Cell 16:

Cell 17:
              precision    recall  f1-score   support

         0.0       0.98      0.95      0.96       168
         1.0       0.93      0.97      0.95       115

    accuracy                           0.96       283
   macro avg       0.95      0.96      0.96       283
weighted avg       0.96      0.96      0.96       283


Cell 20:

Cell 21:

Cell 22:

Cell 23:

Cell 25:
Deployment space with name churn-dev already exists . .
Using the existing space

Cell 26:
-------------------------------  ------------------------------------  ----  ------------  ------------------------------
NAME                             ID                                    TYPE  STATE         REPLACEMENT
default_py3.6                    0062b8c9-8b7d-44a0-a9b9-46c416adcbd9  base  unsupported   runtime-22.2-py3.10
runtime-22.1-r3.6                018ebea5-1d1f-5fec-b93e-5e2ab30e7f38  base  deprecated    runtime-22.2-r4.2
kernel-spark3.2-scala2.12        020d69ce-7ac1-5e68-ac1a-31189867356a  base  not_provided
pytorch-onnx_1.3-py3.7-edt       069ea134-3346-5748-b513-49120e15d288  base  not_provided
scikit-learn_0.20-py3.6          09c5a1d0-9c1e-4473-a344-eb7b665ff687  base  unsupported   runtime-22.2-py3.10
spark-mllib_3.0-scala_2.12       09f4cff0-90a7-5899-b9ed-1ef348aebdee  base  unsupported
pytorch-onnx_rt22.1-py3.9        0b848dd4-e681-5599-be41-b5f6fccc6471  base  deprecated    pytorch-onnx_rt22.2-py3.10
ai-function_0.1-py3.6            0cdb0f1e-5376-4f4d-92dd-da3b69aa9bda  base  unsupported   runtime-22.2-py3.10
shiny-r3.6                       0e6e79df-875e-4f24-8ae9-62dcc2148306  base  deprecated    rstudio_r4.2
pytorch_1.1-py3.6                10ac12d6-6b30-4ccd-8392-3e922c096a92  base  unsupported   runtime-22.2-py3.10
autoai-kb_rt22.2-py3.10          125b6d9a-5b1f-5e8d-972a-b251688ccf40  base  supported
runtime-22.1-py3.9               12b83a17-24d8-5082-900f-0ab31fbfd3cb  base  deprecated    runtime-22.2-py3.10
kernel-spark3.3-py3.10           147e6777-ccd1-5886-8571-5356abc20839  base  not_provided
scikit-learn_0.22-py3.6          154010fa-5b3b-4ac1-82af-4d5ee5abbc85  base  unsupported   runtime-22.2-py3.10
pytorch-onnx_1.7-py3.8-edt       1b199910-c7d5-5af4-b8f1-e86b760f9779  base  unsupported   pytorch-onnx_rt22.2-py3.10-edt
default_r3.6                     1b70aec3-ab34-4b87-8aa0-a4a3c8296a36  base  deprecated    runtime-22.2-r4.2
kernel-spark3.3-r3.6             1c9e5454-f216-59dd-a20e-474a5cdf5988  base  not_provided
pytorch-onnx_rt22.1-py3.9-edt    1d362186-7ad5-5b59-8b6c-9d0880bde37f  base  deprecated    pytorch-onnx_rt22.2-py3.10-edt
spark-mllib_3.2                  20047f72-0a98-58c7-9ff5-a77b012eb8f5  base  deprecated    spark-mllib_3.3
runtime-22.1-py3.9-cuda          26215f05-08c3-5a41-a1b0-da66306ce658  base  deprecated    runtime-22.2-py3.10-cuda
do_py3.8                         295addb5-9ef9-547e-9bf4-92ae3563e720  base  not_provided
autoai-ts_3.8-py3.8              2aa0c932-798f-5ae9-abd6-15e0c2402fb5  base  unsupported   autoai-ts_rt22.2-py3.10
tensorflow_1.15-py3.6            2b73a275-7cbf-420b-a912-eae7f436e0bc  base  unsupported   runtime-22.2-py3.10
kernel-spark3.3-py3.9            2b7961e2-e3b1-5a8c-a491-482c8368839a  base  not_provided
pytorch_1.2-py3.6                2c8ef57d-2687-4b7d-acce-01f94976dac1  base  unsupported   runtime-22.2-py3.10
spark-mllib_2.3                  2e51f700-bca0-4b0d-88dc-5c6791338875  base  unsupported   spark-mllib_3.3
pytorch-onnx_1.1-py3.6-edt       32983cea-3f32-4400-8965-dde874a8d67e  base  unsupported   runtime-22.2-py3.10
spark-mllib_3.0-py37             36507ebe-8770-55ba-ab2a-eafe787600e9  base  unsupported   spark-mllib_3.3
autoai-ts_rt22.2-py3.10          396b2e83-0953-5b86-9a55-7ce1628a406f  base  supported
xgboost_0.82-py3.6               39e31acd-5f30-41dc-ae44-60233c80306e  base  unsupported   runtime-22.2-py3.10
pytorch-onnx_1.2-py3.6-edt       40589d0e-7019-4e28-8daa-fb03b6f4fe12  base  unsupported   runtime-22.2-py3.10
pytorch-onnx_rt22.2-py3.10       40e73f55-783a-5535-b3fa-0c8b94291431  base  supported
autoai-ts_rt22.1-py3.9           4269d26e-07ba-5d40-8f66-2d495b0c71f7  base  deprecated    autoai-ts_rt22.2-py3.10
autoai-obm_3.0                   42b92e18-d9ab-567f-988a-4240ba1ed5f7  base  unsupported   autoai-obm_3.2
rstudio_r4.2                     42c36a39-fcc1-5117-8ff6-1d4523e0d6a6  base  supported
ai-function_0.2-py3.6            435bfa8f-ddae-549a-826a-894368887231  base  unsupported   runtime-22.2-py3.10
pmml-3.0_4.3                     493bcb95-16f1-5bc5-bee8-81b8af80e9c7  base  supported
spark-mllib_2.4-r_3.6            49403dff-92e9-4c87-a3d7-a42d0021c095  base  unsupported   spark-mllib_3.3
xgboost_0.90-py3.6               4ff8d6c2-1343-4c18-85e1-689c965304d3  base  unsupported   runtime-22.2-py3.10
pytorch-onnx_1.1-py3.6           50f95b2a-bc16-43bb-bc94-b0bed208c60b  base  unsupported   runtime-22.2-py3.10
autoai-ts_3.9-py3.8              52c57136-80fa-572e-8728-a5e7cbb42cde  base  unsupported   autoai-ts_rt22.2-py3.10
spark-mllib_2.4-scala_2.11       55a70f99-7320-4be5-9fb9-9edb5a443af5  base  unsupported   spark-mllib_3.3
spark-mllib_3.0                  5c1b0ca2-4977-5c2e-9439-ffd44ea8ffe9  base  unsupported   spark-mllib_3.3
autoai-obm_2.0                   5c2e37fa-80b8-5e77-840f-d912469614ee  base  unsupported   autoai-obm_3.2
spss-modeler_18.1                5c3cad7e-507f-4b2a-a9a3-ab53a21dee8b  base  supported
cuda-py3.8                       5d3232bf-c86b-5df4-a2cd-7bb870a1cd4e  base  not_provided
pytorch-onnx_rt22.2-py3.10-dist  61740dc9-19ed-563c-bbe4-925f38a81478  base  supported
autoai-kb_3.1-py3.7              632d4b22-10aa-5180-88f0-f52dfb6444d7  base  not_provided
pytorch-onnx_1.7-py3.8           634d3cdc-b562-5bf9-a2d4-ea90a478456b  base  unsupported   pytorch-onnx_rt22.2-py3.10
kernel-spark3.3-r4.2             65691379-8334-5b81-9d22-a9b77b3c2f8b  base  not_provided
-------------------------------  ------------------------------------  ----  ------------  ------------------------------
Note: Only first 50 records were displayed. To display more use 'limit' parameter.

Cell 27:
Note: Warnings!! :  Software specification runtime-22.1-py3.9 specified for the wml_model is deprecated and will be removed in the future. We recommend you use runtime-22.2-py3.10 instead. For details see Supported Frameworks https://www.ibm.com/docs/en/cloud-paks/cp-data/4.0?topic=specifications-supported-deployment-frameworks

Cell 28:
------------------------------------  --------------  ------------------------  ----------------  ----------  -------------------
ID                                    NAME            CREATED                   TYPE              SPEC_STATE  SPEC_REPLACEMENT
4f80b7ab-e3d9-43a1-b086-2df6ba456ec7  churn_pipeline  2023-06-20T11:27:50.002Z  scikit-learn_1.0  deprecated  runtime-22.2-py3.10
05756476-5f2e-4718-b2a4-2fe8f9c66a1c  churn_pipeline  2023-06-20T11:19:03.002Z  scikit-learn_1.0  deprecated  runtime-22.2-py3.10
------------------------------------  --------------  ------------------------  ----------------  ----------  -------------------

Cell 29:

Cell 30:
This method is deprecated, please use get_model_id()



#######################################################################################

Synchronous deployment creation for uid: '4f80b7ab-e3d9-43a1-b086-2df6ba456ec7' started

#######################################################################################


initializing

Note: Software specification runtime-22.1-py3.9 is deprecated. Use supported software specification and corresponding model_type instead when saving a model and deploy. For details, see https://www.ibm.com/docs/en/cloud-paks/cp-data/4.6.x?topic=specifications-supported-frameworks-software
.
.

ready


------------------------------------------------------------------------------------------------
Successfully finished deployment creation, deployment_uid='fdbf48ec-d94a-478d-bdbf-0c47c4dc0f3a'
------------------------------------------------------------------------------------------------



Cell 31:
https://internal-nginx-svc.cp4d.svc.cluster.local:12443/ml/v4/deployments/fdbf48ec-d94a-478d-bdbf-0c47c4dc0f3a/predictions

Cell 33:
Deployment 3e88e609-d3e2-4d8c-8dd6-6d241a85ded9 will be deleted

Cell 35:
Model 05756476-5f2e-4718-b2a4-2fe8f9c66a1c will be deleted

Cell 37:
------------------------------------  --------------  ------------------------  ----------------  ----------  -------------------
ID                                    NAME            CREATED                   TYPE              SPEC_STATE  SPEC_REPLACEMENT
4f80b7ab-e3d9-43a1-b086-2df6ba456ec7  churn_pipeline  2023-06-20T11:27:50.002Z  scikit-learn_1.0  deprecated  runtime-22.2-py3.10
------------------------------------  --------------  ------------------------  ----------------  ----------  -------------------

------------------------------------  -------------------------  -----  ------------------------  -------------  ----------  -------------------
GUID                                  NAME                       STATE  CREATED                   ARTIFACT_TYPE  SPEC_STATE  SPEC_REPLACEMENT
fdbf48ec-d94a-478d-bdbf-0c47c4dc0f3a  churn_pipeline_deployment  ready  2023-06-20T11:28:03.578Z  model          deprecated  runtime-22.2-py3.10
------------------------------------  -------------------------  -----  ------------------------  -------------  ----------  -------------------

Cell 39:

Cell 40:
{
  "predictions": [
    {
      "fields": [
        "prediction",
        "probability"
      ],
      "values": [
        [
          0.0,
          [
            1.0,
            0.0
          ]
        ]
      ]
    }
  ]
}
